d:\pd_cpp\cocos2d\carrotfantasy\proj.win32\debug.win32\enterscene.obj
d:\pd_cpp\cocos2d\carrotfantasy\proj.win32\debug.win32\main.obj
d:\pd_cpp\cocos2d\carrotfantasy\proj.win32\debug.win32\startscene.obj
d:\pd_cpp\cocos2d\carrotfantasy\proj.win32\debug.win32\appdelegate.obj
d:\pd_cpp\cocos2d\carrotfantasy\proj.win32\debug.win32\vc143.pdb
d:\pd_cpp\cocos2d\carrotfantasy\proj.win32\debug.win32\vc143.idb
d:\pd_cpp\cocos2d\carrotfantasy\proj.win32\carrotfantasy.cab
d:\pd_cpp\cocos2d\carrotfantasy\proj.win32\debug.win32\carrotfantasy.exe
d:\pd_cpp\cocos2d\carrotfantasy\proj.win32\debug.win32\carrotfantasy.pdb
d:\pd_cpp\cocos2d\carrotfantasy\proj.win32\debug.win32\game.res
d:\pd_cpp\cocos2d\carrotfantasy\proj.win32\debug.win32\carrotfantasy.lib
d:\pd_cpp\cocos2d\carrotfantasy\proj.win32\debug.win32\carrotfantasy.exp
d:\pd_cpp\cocos2d\carrotfantasy\proj.win32\debug.win32\carrotfantasy.ilk
d:\pd_cpp\cocos2d\carrotfantasy\proj.win32\debug.win32\libcocos2d.exp
d:\pd_cpp\cocos2d\carrotfantasy\proj.win32\debug.win32\libspine.idb
d:\pd_cpp\cocos2d\carrotfantasy\proj.win32\debug.win32\libcocos2d.pdb
d:\pd_cpp\cocos2d\carrotfantasy\proj.win32\debug.win32\librecast.pdb
d:\pd_cpp\cocos2d\carrotfantasy\proj.win32\debug.win32\libspine.pdb
d:\pd_cpp\cocos2d\carrotfantasy\proj.win32\debug.win32\carrotfantasy.tlog\cl.command.1.tlog
d:\pd_cpp\cocos2d\carrotfantasy\proj.win32\debug.win32\carrotfantasy.tlog\cl.items.tlog
d:\pd_cpp\cocos2d\carrotfantasy\proj.win32\debug.win32\carrotfantasy.tlog\cl.read.1.tlog
d:\pd_cpp\cocos2d\carrotfantasy\proj.win32\debug.win32\carrotfantasy.tlog\cl.write.1.tlog
d:\pd_cpp\cocos2d\carrotfantasy\proj.win32\debug.win32\carrotfantasy.tlog\custombuildstep.read.1u.tlog
d:\pd_cpp\cocos2d\carrotfantasy\proj.win32\debug.win32\carrotfantasy.tlog\custombuildstep.write.1u.tlog
d:\pd_cpp\cocos2d\carrotfantasy\proj.win32\debug.win32\carrotfantasy.tlog\link.command.1.tlog
d:\pd_cpp\cocos2d\carrotfantasy\proj.win32\debug.win32\carrotfantasy.tlog\link.read.1.tlog
d:\pd_cpp\cocos2d\carrotfantasy\proj.win32\debug.win32\carrotfantasy.tlog\link.secondary.1.tlog
d:\pd_cpp\cocos2d\carrotfantasy\proj.win32\debug.win32\carrotfantasy.tlog\link.write.1.tlog
d:\pd_cpp\cocos2d\carrotfantasy\proj.win32\debug.win32\carrotfantasy.tlog\rc.command.1.tlog
d:\pd_cpp\cocos2d\carrotfantasy\proj.win32\debug.win32\carrotfantasy.tlog\rc.read.1.tlog
d:\pd_cpp\cocos2d\carrotfantasy\proj.win32\debug.win32\carrotfantasy.tlog\rc.write.1.tlog
